Initialized native services in: C:\Users\admin\.gradle\native
Initialized jansi services in: C:\Users\admin\.gradle\native
Found daemon DaemonInfo{pid=26696, address=[c2ff8b47-8e03-4a1b-bccb-986cb7e76ada port:63129, addresses:[/127.0.0.1]], state=Idle, lastBusy=1771350448658, context=DefaultDaemonContext[uid=058032ec-e15d-4774-a03c-a70b5f054409,javaHome=C:\Program Files\Java\jdk-17,javaVersion=17,javaVendor=Oracle Corporation,daemonRegistryDir=C:\Users\admin\.gradle\daemon,pid=26696,idleTimeout=10800000,priority=NORMAL,applyInstrumentationAgent=true,nativeServicesMode=ENABLED,daemonOpts=-Xmx2048m,-Dfile.encoding=UTF-8,-Duser.country=US,-Duser.language=en,-Duser.variant]} however its context does not match the desired criteria.
JVM is incompatible.
Wanted: DaemonRequestContext{jvmCriteria=C:\Users\admin\AppData\Local\Android\Android Studio\jbr (no JDK specified, using current Java home), daemonOpts=[-Xmx2048m, -Dfile.encoding=UTF-8, -Duser.country=US, -Duser.language=en, -Duser.variant], applyInstrumentationAgent=true, nativeServicesMode=ENABLED, priority=NORMAL}
Actual: DefaultDaemonContext[uid=058032ec-e15d-4774-a03c-a70b5f054409,javaHome=C:\Program Files\Java\jdk-17,javaVersion=17,javaVendor=Oracle Corporation,daemonRegistryDir=C:\Users\admin\.gradle\daemon,pid=26696,idleTimeout=10800000,priority=NORMAL,applyInstrumentationAgent=true,nativeServicesMode=ENABLED,daemonOpts=-Xmx2048m,-Dfile.encoding=UTF-8,-Duser.country=US,-Duser.language=en,-Duser.variant]

  Looking for a different daemon...
The client will now receive all logging from the daemon (pid: 23524). The daemon log file: C:\Users\admin\.gradle\daemon\8.13\daemon-23524.out.log
Starting 3rd build in daemon [uptime: 4 mins 20.725 secs, performance: 100%, GC rate: 0.00/s, heap usage: 0% of 2 GiB]
Using 12 worker leases.
Now considering [D:\athlentiq\RepDetect-main] as hierarchies to watch
Watching the file system is configured to be enabled if available
File system watching is active
Starting Build
Settings evaluated using settings file 'D:\athlentiq\RepDetect-main\settings.gradle'.
Projects loaded. Root project using build file 'D:\athlentiq\RepDetect-main\build.gradle'.
Included projects: [root project 'PoseExercise', project ':app']

> Configure project :
Evaluating root project 'PoseExercise' using build file 'D:\athlentiq\RepDetect-main\build.gradle'.
Resolved plugin [id: 'com.android.application', version: '8.1.2', apply: false]
Resolved plugin [id: 'org.jetbrains.kotlin.android', version: '1.9.0', apply: false]

> Configure project :app
Evaluating project ':app' using build file 'D:\athlentiq\RepDetect-main\app\build.gradle'.
Caching disabled for Groovy DSL script compilation (cp_proj) because:
  Build cache is disabled
  Not worth caching.
Compiling build file 'D:\athlentiq\RepDetect-main\app\build.gradle' using SubsetScriptTransformer.
Resolved plugin [id: 'com.android.application']
Resolved plugin [id: 'org.jetbrains.kotlin.android']
Resolved plugin [id: 'androidx.navigation.safeargs']
Resolved plugin [id: 'kotlin-kapt']
Using default execution profile
Using Kotlin Gradle Plugin gradle81 variant
Caching disabled for Groovy DSL script compilation (proj) because:
  Build cache is disabled
  Not worth caching.
Compiling build file 'D:\athlentiq\RepDetect-main\app\build.gradle' using BuildScriptTransformer.
Parsed shrinker version: 8.1.68
All projects evaluated.
Task name matched 'assembleDebug'
Selected primary task 'assembleDebug' from project :
Tasks to be executed: [task ':app:preBuild', task ':app:preDebugBuild', task ':app:mergeDebugNativeDebugMetadata', task ':app:dataBindingMergeDependencyArtifactsDebug', task ':app:generateDebugResValues', task ':app:generateDebugResources', task ':app:mergeDebugResources', task ':app:packageDebugResources', task ':app:parseDebugLocalResources', task ':app:dataBindingGenBaseClassesDebug', task ':app:dataBindingTriggerDebug', task ':app:generateSafeArgsDebug', task ':app:checkDebugAarMetadata', task ':app:mapDebugSourceSetPaths', task ':app:createDebugCompatibleScreenManifests', task ':app:extractDeepLinksDebug', task ':app:processDebugMainManifest', task ':app:processDebugManifest', task ':app:processDebugManifestForPackage', task ':app:processDebugResources', task ':app:kaptGenerateStubsDebugKotlin', task ':app:kaptDebugKotlin', task ':app:compileDebugKotlin', task ':app:javaPreCompileDebug', task ':app:compileDebugJavaWithJavac', task ':app:mergeDebugShaders', task ':app:compileDebugShaders', task ':app:generateDebugAssets', task ':app:mergeDebugAssets', task ':app:compressDebugAssets', task ':app:desugarDebugFileDependencies', task ':app:dexBuilderDebug', task ':app:mergeDebugGlobalSynthetics', task ':app:processDebugJavaRes', task ':app:mergeDebugJavaResource', task ':app:checkDebugDuplicateClasses', task ':app:mergeExtDexDebug', task ':app:mergeLibDexDebug', task ':app:mergeProjectDexDebug', task ':app:mergeDebugJniLibFolders', task ':app:mergeDebugNativeLibs', task ':app:stripDebugDebugSymbols', task ':app:validateSigningDebug', task ':app:writeDebugAppMetadata', task ':app:writeDebugSigningConfigVersions', task ':app:packageDebug', task ':app:createDebugApkListingFileRedirect', task ':app:assembleDebug']
Tasks that were excluded: []
Resolve mutations for :app:preBuild (Thread[#379,Execution worker Thread 2,5,main]) started.
:app:preBuild (Thread[#379,Execution worker Thread 2,5,main]) started.

> Task :app:preBuild UP-TO-DATE
Skipping task ':app:preBuild' as it has no actions.
Resolve mutations for :app:preDebugBuild (Thread[#382,Execution worker Thread 5,5,main]) started.
:app:preDebugBuild (Thread[#378,Execution worker,5,main]) started.

> Task :app:preDebugBuild UP-TO-DATE
Skipping task ':app:preDebugBuild' as it has no actions.
Resolve mutations for :app:mergeDebugNativeDebugMetadata (Thread[#378,Execution worker,5,main]) started.
:app:mergeDebugNativeDebugMetadata (Thread[#378,Execution worker,5,main]) started.

> Task :app:mergeDebugNativeDebugMetadata NO-SOURCE
Skipping task ':app:mergeDebugNativeDebugMetadata' as it has no source files and no previous output files.
Resolve mutations for :app:dataBindingMergeDependencyArtifactsDebug (Thread[#378,Execution worker,5,main]) started.
:app:dataBindingMergeDependencyArtifactsDebug (Thread[#378,Execution worker,5,main]) started.

> Task :app:dataBindingMergeDependencyArtifactsDebug
Resource missing. [HTTP GET: https://dl.google.com/dl/android/maven2/androidx/camera/camera-camera2/1.0.0-SNAPSHOT/maven-metadata.xml]
Resource missing. [HTTP GET: https://dl.google.com/dl/android/maven2/androidx/camera/camera-camera2/1.0.0-SNAPSHOT/camera-camera2-1.0.0-SNAPSHOT.pom]
Resource missing. [HTTP GET: https://repo.maven.apache.org/maven2/androidx/camera/camera-camera2/1.0.0-SNAPSHOT/maven-metadata.xml]
Resource missing. [HTTP GET: https://repo.maven.apache.org/maven2/androidx/camera/camera-camera2/1.0.0-SNAPSHOT/camera-camera2-1.0.0-SNAPSHOT.pom]
Resource missing. [HTTP GET: https://jitpack.io/androidx/camera/camera-camera2/1.0.0-SNAPSHOT/maven-metadata.xml]
Resource missing. [HTTP GET: https://jitpack.io/androidx/camera/camera-camera2/1.0.0-SNAPSHOT/camera-camera2-1.0.0-SNAPSHOT.pom]
Resource missing. [HTTP GET: https://repo1.maven.org/maven2/androidx/camera/camera-camera2/1.0.0-SNAPSHOT/maven-metadata.xml]
Resource missing. [HTTP GET: https://repo1.maven.org/maven2/androidx/camera/camera-camera2/1.0.0-SNAPSHOT/camera-camera2-1.0.0-SNAPSHOT.pom]
Resource missing. [HTTP GET: https://repo1.maven.org/maven2/androidx/camera/camera-camera2/1.0.0-SNAPSHOT/maven-metadata.xml]
Resource missing. [HTTP GET: https://repo1.maven.org/maven2/androidx/camera/camera-camera2/1.0.0-SNAPSHOT/camera-camera2-1.0.0-SNAPSHOT.pom]
Resource missing. [HTTP GET: https://dl.google.com/dl/android/maven2/androidx/camera/camera-lifecycle/1.0.0-SNAPSHOT/maven-metadata.xml]
Resource missing. [HTTP GET: https://dl.google.com/dl/android/maven2/androidx/camera/camera-lifecycle/1.0.0-SNAPSHOT/camera-lifecycle-1.0.0-SNAPSHOT.pom]
Resource missing. [HTTP GET: https://repo.maven.apache.org/maven2/androidx/camera/camera-lifecycle/1.0.0-SNAPSHOT/maven-metadata.xml]
Resource missing. [HTTP GET: https://repo.maven.apache.org/maven2/androidx/camera/camera-lifecycle/1.0.0-SNAPSHOT/camera-lifecycle-1.0.0-SNAPSHOT.pom]
Resource missing. [HTTP GET: https://jitpack.io/androidx/camera/camera-lifecycle/1.0.0-SNAPSHOT/maven-metadata.xml]
Resource missing. [HTTP GET: https://jitpack.io/androidx/camera/camera-lifecycle/1.0.0-SNAPSHOT/camera-lifecycle-1.0.0-SNAPSHOT.pom]
Resource missing. [HTTP GET: https://repo1.maven.org/maven2/androidx/camera/camera-lifecycle/1.0.0-SNAPSHOT/maven-metadata.xml]
Resource missing. [HTTP GET: https://repo1.maven.org/maven2/androidx/camera/camera-lifecycle/1.0.0-SNAPSHOT/camera-lifecycle-1.0.0-SNAPSHOT.pom]
Resource missing. [HTTP GET: https://repo1.maven.org/maven2/androidx/camera/camera-lifecycle/1.0.0-SNAPSHOT/maven-metadata.xml]
Resource missing. [HTTP GET: https://repo1.maven.org/maven2/androidx/camera/camera-lifecycle/1.0.0-SNAPSHOT/camera-lifecycle-1.0.0-SNAPSHOT.pom]
Resource missing. [HTTP GET: https://dl.google.com/dl/android/maven2/androidx/camera/camera-view/1.0.0-SNAPSHOT/maven-metadata.xml]
Resource missing. [HTTP GET: https://dl.google.com/dl/android/maven2/androidx/camera/camera-view/1.0.0-SNAPSHOT/camera-view-1.0.0-SNAPSHOT.pom]
Resource missing. [HTTP GET: https://repo.maven.apache.org/maven2/androidx/camera/camera-view/1.0.0-SNAPSHOT/maven-metadata.xml]
Resource missing. [HTTP GET: https://repo.maven.apache.org/maven2/androidx/camera/camera-view/1.0.0-SNAPSHOT/camera-view-1.0.0-SNAPSHOT.pom]
Resource missing. [HTTP GET: https://jitpack.io/androidx/camera/camera-view/1.0.0-SNAPSHOT/maven-metadata.xml]
Resource missing. [HTTP GET: https://jitpack.io/androidx/camera/camera-view/1.0.0-SNAPSHOT/camera-view-1.0.0-SNAPSHOT.pom]
Resource missing. [HTTP GET: https://repo1.maven.org/maven2/androidx/camera/camera-view/1.0.0-SNAPSHOT/maven-metadata.xml]
Resource missing. [HTTP GET: https://repo1.maven.org/maven2/androidx/camera/camera-view/1.0.0-SNAPSHOT/camera-view-1.0.0-SNAPSHOT.pom]
Resource missing. [HTTP GET: https://repo1.maven.org/maven2/androidx/camera/camera-view/1.0.0-SNAPSHOT/maven-metadata.xml]
Resource missing. [HTTP GET: https://repo1.maven.org/maven2/androidx/camera/camera-view/1.0.0-SNAPSHOT/camera-view-1.0.0-SNAPSHOT.pom]
Caching disabled for task ':app:dataBindingMergeDependencyArtifactsDebug' because:
  Build cache is disabled
  Caching has been disabled for the task
Skipping task ':app:dataBindingMergeDependencyArtifactsDebug' as it is up-to-date.

> Task :app:dataBindingMergeDependencyArtifactsDebug UP-TO-DATE
Resolve mutations for :app:generateDebugResValues (Thread[#378,Execution worker,5,main]) started.
:app:generateDebugResValues (Thread[#378,Execution worker,5,main]) started.

> Task :app:generateDebugResValues UP-TO-DATE
Caching disabled for task ':app:generateDebugResValues' because:
  Build cache is disabled
Skipping task ':app:generateDebugResValues' as it is up-to-date.
Resolve mutations for :app:generateDebugResources (Thread[#378,Execution worker,5,main]) started.
:app:generateDebugResources (Thread[#383,Execution worker Thread 6,5,main]) started.

> Task :app:generateDebugResources UP-TO-DATE
Skipping task ':app:generateDebugResources' as it has no actions.
Resolve mutations for :app:mergeDebugResources (Thread[#383,Execution worker Thread 6,5,main]) started.
:app:mergeDebugResources (Thread[#383,Execution worker Thread 6,5,main]) started.

> Task :app:mergeDebugResources UP-TO-DATE
Caching disabled for task ':app:mergeDebugResources' because:
  Build cache is disabled
Skipping task ':app:mergeDebugResources' as it is up-to-date.
Resolve mutations for :app:packageDebugResources (Thread[#383,Execution worker Thread 6,5,main]) started.
:app:packageDebugResources (Thread[#383,Execution worker Thread 6,5,main]) started.

> Task :app:packageDebugResources UP-TO-DATE
Caching disabled for task ':app:packageDebugResources' because:
  Build cache is disabled
Skipping task ':app:packageDebugResources' as it is up-to-date.
Resolve mutations for :app:parseDebugLocalResources (Thread[#383,Execution worker Thread 6,5,main]) started.
:app:parseDebugLocalResources (Thread[#378,Execution worker,5,main]) started.

> Task :app:parseDebugLocalResources UP-TO-DATE
Caching disabled for task ':app:parseDebugLocalResources' because:
  Build cache is disabled
Skipping task ':app:parseDebugLocalResources' as it is up-to-date.
Resolve mutations for :app:dataBindingGenBaseClassesDebug (Thread[#378,Execution worker,5,main]) started.
:app:dataBindingGenBaseClassesDebug (Thread[#378,Execution worker,5,main]) started.

> Task :app:dataBindingGenBaseClassesDebug UP-TO-DATE
Caching disabled for task ':app:dataBindingGenBaseClassesDebug' because:
  Build cache is disabled
Skipping task ':app:dataBindingGenBaseClassesDebug' as it is up-to-date.
Resolve mutations for :app:dataBindingTriggerDebug (Thread[#378,Execution worker,5,main]) started.
:app:dataBindingTriggerDebug (Thread[#378,Execution worker,5,main]) started.

> Task :app:dataBindingTriggerDebug UP-TO-DATE
Caching disabled for task ':app:dataBindingTriggerDebug' because:
  Build cache is disabled
  Caching has been disabled for the task
Skipping task ':app:dataBindingTriggerDebug' as it is up-to-date.
Resolve mutations for :app:generateSafeArgsDebug (Thread[#383,Execution worker Thread 6,5,main]) started.
:app:generateSafeArgsDebug (Thread[#383,Execution worker Thread 6,5,main]) started.

> Task :app:generateSafeArgsDebug UP-TO-DATE
Caching disabled for task ':app:generateSafeArgsDebug' because:
  Build cache is disabled
Skipping task ':app:generateSafeArgsDebug' as it is up-to-date.
Resolve mutations for :app:checkDebugAarMetadata (Thread[#383,Execution worker Thread 6,5,main]) started.
:app:checkDebugAarMetadata (Thread[#383,Execution worker Thread 6,5,main]) started.

> Task :app:checkDebugAarMetadata UP-TO-DATE
Caching disabled for task ':app:checkDebugAarMetadata' because:
  Build cache is disabled
  Caching has been disabled for the task
Skipping task ':app:checkDebugAarMetadata' as it is up-to-date.
Resolve mutations for :app:mapDebugSourceSetPaths (Thread[#383,Execution worker Thread 6,5,main]) started.
:app:mapDebugSourceSetPaths (Thread[#383,Execution worker Thread 6,5,main]) started.

> Task :app:mapDebugSourceSetPaths UP-TO-DATE
Caching disabled for task ':app:mapDebugSourceSetPaths' because:
  Build cache is disabled
  Caching has been disabled for the task
Skipping task ':app:mapDebugSourceSetPaths' as it is up-to-date.
Resolve mutations for :app:createDebugCompatibleScreenManifests (Thread[#383,Execution worker Thread 6,5,main]) started.
:app:createDebugCompatibleScreenManifests (Thread[#383,Execution worker Thread 6,5,main]) started.

> Task :app:createDebugCompatibleScreenManifests UP-TO-DATE
Caching disabled for task ':app:createDebugCompatibleScreenManifests' because:
  Build cache is disabled
  Caching has been disabled for the task
Skipping task ':app:createDebugCompatibleScreenManifests' as it is up-to-date.
Resolve mutations for :app:extractDeepLinksDebug (Thread[#383,Execution worker Thread 6,5,main]) started.
:app:extractDeepLinksDebug (Thread[#383,Execution worker Thread 6,5,main]) started.

> Task :app:extractDeepLinksDebug UP-TO-DATE
Caching disabled for task ':app:extractDeepLinksDebug' because:
  Build cache is disabled
Skipping task ':app:extractDeepLinksDebug' as it is up-to-date.
Resolve mutations for :app:processDebugMainManifest (Thread[#383,Execution worker Thread 6,5,main]) started.
:app:processDebugMainManifest (Thread[#383,Execution worker Thread 6,5,main]) started.

> Task :app:processDebugMainManifest UP-TO-DATE
Caching disabled for task ':app:processDebugMainManifest' because:
  Build cache is disabled
Skipping task ':app:processDebugMainManifest' as it is up-to-date.
Resolve mutations for :app:processDebugManifest (Thread[#383,Execution worker Thread 6,5,main]) started.
:app:processDebugManifest (Thread[#383,Execution worker Thread 6,5,main]) started.

> Task :app:processDebugManifest UP-TO-DATE
Caching disabled for task ':app:processDebugManifest' because:
  Build cache is disabled
Skipping task ':app:processDebugManifest' as it is up-to-date.
Resolve mutations for :app:processDebugManifestForPackage (Thread[#383,Execution worker Thread 6,5,main]) started.
:app:processDebugManifestForPackage (Thread[#383,Execution worker Thread 6,5,main]) started.

> Task :app:processDebugManifestForPackage UP-TO-DATE
Custom actions are attached to task ':app:processDebugManifestForPackage'.
Caching disabled for task ':app:processDebugManifestForPackage' because:
  Build cache is disabled
Skipping task ':app:processDebugManifestForPackage' as it is up-to-date.
Resolve mutations for :app:processDebugResources (Thread[#383,Execution worker Thread 6,5,main]) started.
:app:processDebugResources (Thread[#383,Execution worker Thread 6,5,main]) started.

> Task :app:processDebugResources UP-TO-DATE
Caching disabled for task ':app:processDebugResources' because:
  Build cache is disabled
Skipping task ':app:processDebugResources' as it is up-to-date.
Resolve mutations for :app:kaptGenerateStubsDebugKotlin (Thread[#383,Execution worker Thread 6,5,main]) started.
:app:kaptGenerateStubsDebugKotlin (Thread[#383,Execution worker Thread 6,5,main]) started.

> Task :app:kaptGenerateStubsDebugKotlin UP-TO-DATE
Caching disabled for task ':app:kaptGenerateStubsDebugKotlin' because:
  Build cache is disabled
Skipping task ':app:kaptGenerateStubsDebugKotlin' as it is up-to-date.
Resolve mutations for :app:kaptDebugKotlin (Thread[#383,Execution worker Thread 6,5,main]) started.
:app:kaptDebugKotlin (Thread[#383,Execution worker Thread 6,5,main]) started.
Resolve mutations for :app:javaPreCompileDebug (Thread[#388,Execution worker Thread 11,5,main]) started.
:app:javaPreCompileDebug (Thread[#388,Execution worker Thread 11,5,main]) started.

> Task :app:kaptDebugKotlin FAILED
file or directory 'D:\athlentiq\RepDetect-main\app\src\main\kotlin', not found
file or directory 'D:\athlentiq\RepDetect-main\app\src\main\kotlin', not found
file or directory 'D:\athlentiq\RepDetect-main\app\src\main\kotlin', not found
file or directory 'D:\athlentiq\RepDetect-main\app\src\debug\kotlin', not found
file or directory 'D:\athlentiq\RepDetect-main\app\src\debug\kotlin', not found
file or directory 'D:\athlentiq\RepDetect-main\app\src\debug\java', not found
file or directory 'D:\athlentiq\RepDetect-main\app\src\debug\kotlin', not found
file or directory 'D:\athlentiq\RepDetect-main\app\src\debug\java', not found
file or directory 'D:\athlentiq\RepDetect-main\app\src\debug\java', not found
Caching disabled for task ':app:kaptDebugKotlin' because:
  Build cache is disabled
Task ':app:kaptDebugKotlin' is not up-to-date because:
  Task has failed previously.
The input changes require a full rebuild for incremental task ':app:kaptDebugKotlin'.
Running kapt annotation processing using the Gradle Worker API
Using workers NONE isolation mode to run kapt

> Task :app:javaPreCompileDebug UP-TO-DATE
Caching disabled for task ':app:javaPreCompileDebug' because:
  Build cache is disabled
Skipping task ':app:javaPreCompileDebug' as it is up-to-date.

[Incubating] Problems report is available at: file:///D:/athlentiq/RepDetect-main/build/reports/problems/problems-report.html

FAILURE: Build failed with an exception.

* What went wrong:
Execution failed for task ':app:kaptDebugKotlin'.
> A failure occurred while executing org.jetbrains.kotlin.gradle.internal.KaptWithoutKotlincTask$KaptExecutionWorkAction

* Try:
> Run with --stacktrace option to get the stack trace.
> Run with --debug option to get more log output.
> Run with --scan to get full insights.
> Get more help at https://help.gradle.org.

Deprecated Gradle features were used in this build, making it incompatible with Gradle 9.0.

You can use '--warning-mode all' to show the individual deprecation warnings and determine if they come from your own scripts or plugins.

For more on this, please refer to https://docs.gradle.org/8.13/userguide/command_line_interface.html#sec:command_line_warnings in the Gradle documentation.

BUILD FAILED in 19s
19 actionable tasks: 1 executed, 18 up-to-date
Watched directory hierarchies: [D:\athlentiq\RepDetect-main]
